Arguments: 
  /usr/bin/node /usr/share/yarn/bin/yarn.js

PATH: 
  /home/chemime/.local/share/umake/bin:/home/chemime/.local/bin:/usr/local/sbin:/usr/local/bin:/usr/sbin:/usr/bin:/sbin:/bin:/usr/games:/usr/local/games:/snap/bin

Yarn version: 
  1.22.5

Node version: 
  13.14.0

Platform: 
  linux x64

Trace: 
  SyntaxError: /home/chemime/Desktop/JS/job/package.json: Unexpected token } in JSON at position 172
      at JSON.parse (<anonymous>)
      at /usr/share/yarn/lib/cli.js:1625:59
      at Generator.next (<anonymous>)
      at step (/usr/share/yarn/lib/cli.js:310:30)
      at /usr/share/yarn/lib/cli.js:321:13

npm manifest: 
  {
    "name": "space-travel-catculator",
    "version": "0.1.0",
    "private": false,
    "dependencies-dev": {
      "@testing-library/jest-dom": "^4.2.4",
      "jest": "^9.3.2",
    },
    "scripts": {
      "test": "jest",
    },
  }

yarn manifest: 
  No manifest

Lockfile: 
  No lockfile
